<?xml version="1.0" encoding="UTF-8"?>
<!-- Generated by org.testng.reporters.JUnitReportReporter -->
<testsuite skipped="2" hostname="MacBook-Pro.local" name="demo.Myproject.FbTest" tests="2" failures="0" timestamp="27 May 2020 10:42:44 GMT" time="0.000" errors="0">
  <testcase name="verifyFBCase" time="0.000" classname="demo.Myproject.FbTest">
    <skipped/>
  </testcase> <!-- verifyFBCase -->
  <testcase name="verifyWalletHub" classname="demo.Myproject.FbTest">
    <skipped/>
  </testcase> <!-- verifyWalletHub -->
</testsuite> <!-- demo.Myproject.FbTest -->
